#
# A fatal error has been detected by the Java Runtime Environment:
#
#  EXCEPTION_ACCESS_VIOLATION (0xc0000005) at pc=0x10001529, pid=5232, tid=7196
#
# JRE version: 6.0_38-b04
# Java VM: Java HotSpot(TM) Client VM (20.13-b02 mixed mode, sharing windows-x86 )
# Problematic frame:
# C  [Jpcap.dll+0x1529]
#
# If you would like to submit a bug report, please visit:
#   http://java.sun.com/webapps/bugreport/crash.jsp
# The crash happened outside the Java Virtual Machine in native code.
# See problematic frame for where to report the bug.
#

---------------  T H R E A D  ---------------

Current thread (0x0206a400):  JavaThread "main" [_thread_in_native, id=7196, stack(0x00390000,0x003e0000)]

siginfo: ExceptionCode=0xc0000005, reading address 0x0000000c

Registers:
EAX=0x00000001, EBX=0x341dc010, ECX=0x0000000c, EDX=0x00000000
ESP=0x003dfc4c, EBP=0x1000e2a0, ESI=0x0206a528, EDI=0x00000000
EIP=0x10001529, EFLAGS=0x00010246

Top of Stack: (sp=0x003dfc4c)
0x003dfc4c:   0206a528 00000000 003dfccc 341dc010
0x003dfc5c:   003dfccc 003dfc8c 10001fde 003dfccc
0x003dfc6c:   02179ec7 0006a400 341dc010 00000000
0x003dfc7c:   003dfca4 00000000 0206a400 341dc010
0x003dfc8c:   003dfccc 02179ec7 0006a400 341dc010
0x003dfc9c:   02179fc7 0206a528 003dfcdc 020679dc
0x003dfcac:   003dfcac 341dc010 003dfcdc 341dc608
0x003dfcbc:   00000000 341dc010 00000000 003dfcdc 

Instructions: (pc=0x10001529)
0x10001509:   56 8b 34 85 60 e2 00 10 8d 2c 85 a0 e2 00 10 8b
0x10001519:   45 00 8b 0c 85 60 a1 00 10 57 8b 7c 24 2c 33 d2
0x10001529:   66 8b 14 39 89 7c 24 10 89 6c 24 34 52 ff 15 f0
0x10001539:   a0 00 10 66 8b 5c 24 24 8b c8 8b 45 00 c1 e0 02 


Register to memory mapping:

EAX=0x00000001 is an unknown value
EBX=0x341dc010 is an oop
{method} 
 - klass: {other class}
ECX=0x0000000c is an unknown value
EDX=0x00000000 is an unknown value
ESP=0x003dfc4c is pointing into the stack for thread: 0x0206a400
EBP=0x1000e2a0 is an unknown value
ESI=0x0206a528 is an unknown value
EDI=0x00000000 is an unknown value


Stack: [0x00390000,0x003e0000],  sp=0x003dfc4c,  free space=319k
Native frames: (J=compiled Java code, j=interpreted, Vv=VM code, C=native code)
C  [Jpcap.dll+0x1529]  Java_jpcap_Jpcap_getErrorMessage+0x49

Java frames: (J=compiled Java code, j=interpreted, Vv=VM code)
j  jpcap.Jpcap.getPacket()Ljpcap/Packet;+0
j  com.test.Test.main([Ljava/lang/String;)V+9
v  ~StubRoutines::call_stub

---------------  P R O C E S S  ---------------

Java Threads: ( => current thread )
  0x02101c00 JavaThread "Low Memory Detector" daemon [_thread_blocked, id=9632, stack(0x045c0000,0x04610000)]
  0x020fd800 JavaThread "C1 CompilerThread0" daemon [_thread_blocked, id=10044, stack(0x04530000,0x04580000)]
  0x020fc800 JavaThread "Attach Listener" daemon [_thread_blocked, id=9356, stack(0x044a0000,0x044f0000)]
  0x020f9400 JavaThread "Signal Dispatcher" daemon [_thread_blocked, id=10072, stack(0x04410000,0x04460000)]
  0x020ec800 JavaThread "Finalizer" daemon [_thread_blocked, id=7188, stack(0x04380000,0x043d0000)]
  0x020eb400 JavaThread "Reference Handler" daemon [_thread_blocked, id=8700, stack(0x042f0000,0x04340000)]
=>0x0206a400 JavaThread "main" [_thread_in_native, id=7196, stack(0x00390000,0x003e0000)]

Other Threads:
  0x020ae800 VMThread [stack: 0x04260000,0x042b0000] [id=4356]
  0x02114400 WatcherThread [stack: 0x04650000,0x046a0000] [id=3232]

VM state:not at safepoint (normal execution)

VM Mutex/Monitor currently owned by a thread: None

Heap
 def new generation   total 4928K, used 505K [0x24170000, 0x246c0000, 0x296c0000)
  eden space 4416K,  11% used [0x24170000, 0x241ee680, 0x245c0000)
  from space 512K,   0% used [0x245c0000, 0x245c0000, 0x24640000)
  to   space 512K,   0% used [0x24640000, 0x24640000, 0x246c0000)
 tenured generation   total 10944K, used 0K [0x296c0000, 0x2a170000, 0x34170000)
   the space 10944K,   0% used [0x296c0000, 0x296c0000, 0x296c0200, 0x2a170000)
 compacting perm gen  total 12288K, used 463K [0x34170000, 0x34d70000, 0x38170000)
   the space 12288K,   3% used [0x34170000, 0x341e3e50, 0x341e4000, 0x34d70000)
    ro space 10240K,  55% used [0x38170000, 0x386f1418, 0x386f1600, 0x38b70000)
    rw space 12288K,  55% used [0x38b70000, 0x392146a0, 0x39214800, 0x39770000)

Code Cache  [0x02170000, 0x021e8000, 0x04170000)
 total_blobs=144 nmethods=13 adapters=68 free_code_cache=33084800 largest_free_block=0

Dynamic libraries:
0x00400000 - 0x00425000 	F:\Program Files (x86)\Java\jdk1.6.0_38\bin\javaw.exe
0x779b0000 - 0x77b30000 	C:\Windows\SysWOW64\ntdll.dll
0x77150000 - 0x77260000 	C:\Windows\syswow64\kernel32.dll
0x75350000 - 0x75397000 	C:\Windows\syswow64\KERNELBASE.dll
0x75500000 - 0x755a0000 	C:\Windows\syswow64\ADVAPI32.dll
0x75ac0000 - 0x75b6c000 	C:\Windows\syswow64\msvcrt.dll
0x773c0000 - 0x773d9000 	C:\Windows\SysWOW64\sechost.dll
0x76fe0000 - 0x770d0000 	C:\Windows\syswow64\RPCRT4.dll
0x74f50000 - 0x74fb0000 	C:\Windows\syswow64\SspiCli.dll
0x74f40000 - 0x74f4c000 	C:\Windows\syswow64\CRYPTBASE.dll
0x75fe0000 - 0x760e0000 	C:\Windows\syswow64\USER32.dll
0x773e0000 - 0x77470000 	C:\Windows\syswow64\GDI32.dll
0x75da0000 - 0x75daa000 	C:\Windows\syswow64\LPK.dll
0x75040000 - 0x750dd000 	C:\Windows\syswow64\USP10.dll
0x75d30000 - 0x75d90000 	C:\Windows\system32\IMM32.DLL
0x75430000 - 0x754fc000 	C:\Windows\syswow64\MSCTF.dll
0x748f0000 - 0x74919000 	C:\Windows\SysWOW64\nvinit.dll
0x0f000000 - 0x0f006000 	C:\Program Files (x86)\NVIDIA Corporation\CoProcManager\detoured.dll
0x73ad0000 - 0x73af7000 	C:\Program Files (x86)\NVIDIA Corporation\CoProcManager\nvd3d9wrap.dll
0x76dd0000 - 0x76f6d000 	C:\Windows\syswow64\SETUPAPI.dll
0x75a30000 - 0x75a57000 	C:\Windows\syswow64\CFGMGR32.dll
0x755f0000 - 0x7567f000 	C:\Windows\syswow64\OLEAUT32.dll
0x77260000 - 0x773bc000 	C:\Windows\syswow64\ole32.dll
0x75a60000 - 0x75a72000 	C:\Windows\syswow64\DEVOBJ.dll
0x73ab0000 - 0x73ace000 	C:\Program Files (x86)\NVIDIA Corporation\CoProcManager\nvdxgiwrap.dll
0x7c340000 - 0x7c396000 	F:\Program Files (x86)\Java\jdk1.6.0_38\jre\bin\msvcr71.dll
0x6d8c0000 - 0x6db70000 	F:\Program Files (x86)\Java\jdk1.6.0_38\jre\bin\client\jvm.dll
0x76fa0000 - 0x76fd2000 	C:\Windows\syswow64\WINMM.dll
0x74830000 - 0x7487c000 	C:\Windows\system32\apphelp.dll
0x6d870000 - 0x6d87c000 	F:\Program Files (x86)\Java\jdk1.6.0_38\jre\bin\verify.dll
0x6d3d0000 - 0x6d3ef000 	F:\Program Files (x86)\Java\jdk1.6.0_38\jre\bin\java.dll
0x6d8b0000 - 0x6d8bf000 	F:\Program Files (x86)\Java\jdk1.6.0_38\jre\bin\zip.dll
0x10000000 - 0x10012000 	F:\Program Files (x86)\Java\jdk1.6.0_38\jre\bin\Jpcap.dll
0x755b0000 - 0x755e5000 	C:\Windows\syswow64\WS2_32.dll
0x75800000 - 0x75806000 	C:\Windows\syswow64\NSI.dll
0x048a0000 - 0x048ec000 	C:\Windows\system32\wpcap.dll
0x048f0000 - 0x04908000 	C:\Windows\system32\packet.dll
0x74cb0000 - 0x74cb9000 	C:\Windows\system32\VERSION.dll
0x74bb0000 - 0x74bcc000 	C:\Windows\system32\iphlpapi.dll
0x74ba0000 - 0x74ba7000 	C:\Windows\system32\WINNSI.DLL
0x74700000 - 0x7470d000 	C:\Windows\system32\dhcpcsvc6.DLL
0x746e0000 - 0x746f2000 	C:\Windows\system32\dhcpcsvc.DLL
0x75340000 - 0x75345000 	C:\Windows\system32\PSAPI.DLL

VM Arguments:
jvm_args: -Dfile.encoding=GBK 
java_command: com.test.Test
Launcher Type: SUN_STANDARD

Environment Variables:
JAVA_HOME=G:\glassfish4\jdk7
JRE_HOME=G:\glassfish4\jdk7\jre
CLASSPATH=.; G:\glassfish4\jdk7\lib\dt.jar; G:\glassfish4\jdk7\lib\tools.jar;G:\glassfish4\jdk7\lib\javax.servlet.jar;G:\glassfish4\jdk7\lib\javamail-1.4.7\mail.jar;G:\glassfish4\jdk7\lib\jaf-1.1.1\activation.jar;F:\Tomcat\apache-tomcat-7.0.52\lib\servlet-api.jar;F:\Tomcat\apache-tomcat-7.0.52\lib\jsp-api.jar;g:\jmf\lib\sound.jar;g:\jmf\lib\jmf.jar;g:\jmf\lib
PATH=G:/glassfish4/jdk7/bin/../jre/bin/client;G:/glassfish4/jdk7/bin/../jre/bin;G:/glassfish4/jdk7/bin/../jre/lib/i386;C:\Program Files (x86)\NVIDIA Corporation\PhysX\Common;G:\glassfish4\jdk7\bin;C:\Program Files\Broadcom\Broadcom 802.11 Network Adapter;;C:\Program Files (x86)\Intel\iCLS Client\;C:\Program Files\Intel\iCLS Client\;;C:\Program Files\Common Files\Microsoft Shared\Windows Live;C:\Program Files (x86)\Common Files\Microsoft Shared\Windows Live;C:\Windows\system32;C:\Windows;C:\Windows\System32\Wbem;C:\Windows\System32\WindowsPowerShell\v1.0\;C:\Program Files (x86)\Windows Live\Shared;C:\Program Files (x86)\Intel\OpenCL SDK\2.0\bin\x86;C:\Program Files (x86)\Intel\OpenCL SDK\2.0\bin\x64;C:\Program Files\WIDCOMM\Bluetooth Software\;C:\Program Files\WIDCOMM\Bluetooth Software\syswow64;C:\Program Files (x86)\Microsoft SQL Server\100\Tools\Binn\;C:\Program Files\Microsoft SQL Server\100\Tools\Binn\;C:\Program Files\Microsoft SQL Server\100\DTS\Binn\;C:\Program Files\Intel\Intel(R) Management Engine Components\DAL;C:\Program Files\Intel\Intel(R) Management Engine Components\IPT;C:\Program Files (x86)\Intel\Intel(R) Management Engine Components\DAL;C:\Program Files (x86)\Intel\Intel(R) Management Engine Components\IPT;C:\Program Files (x86)\Common Files\Ulead Systems\MPEG;G:\MinGW\bin;F:\Tomcat\apache-tomcat-7.0.52\lib;F:\Tomcat\apache-tomcat-7.0.52\lib\servlet-api.jar;F:\Tomcat\apache-tomcat-7.0.52\lib\jsp-api.jar;F:\Tomcat\apache-tomcat-7.0.52\lib;F:\Tomcat\apache-tomcat-7.0.52\bin;F:\MySQL\MySQL Utilities 1.3.6\;F:\MySQL\MySQL Server 5.6\bin;F:\eclipse;
USERNAME=acer
OS=Windows_NT
PROCESSOR_IDENTIFIER=Intel64 Family 6 Model 58 Stepping 9, GenuineIntel



---------------  S Y S T E M  ---------------

OS: Windows 7 , 64 bit Build 7601 Service Pack 1

CPU:total 4 (2 cores per cpu, 2 threads per core) family 6 model 58 stepping 9, cmov, cx8, fxsr, mmx, sse, sse2, sse3, ssse3, sse4.1, sse4.2, popcnt, ht

Memory: 4k page, physical 4028780k(903440k free), swap 8055696k(3654004k free)

vm_info: Java HotSpot(TM) Client VM (20.13-b02) for windows-x86 JRE (1.6.0_38-ea-b04), built on Oct 31 2012 01:45:33 by "java_re" with MS VC++ 7.1 (VS2003)

time: Wed Apr 09 21:43:18 2014
elapsed time: 0 seconds

