#
# A fatal error has been detected by the Java Runtime Environment:
#
#  EXCEPTION_ACCESS_VIOLATION (0xc0000005) at pc=0x6d9617c2, pid=8344, tid=5020
#
# JRE version: 6.0_38-b04
# Java VM: Java HotSpot(TM) Client VM (20.13-b02 mixed mode, sharing windows-x86 )
# Problematic frame:
# V  [jvm.dll+0xa17c2]
#
# If you would like to submit a bug report, please visit:
#   http://java.sun.com/webapps/bugreport/crash.jsp
#

---------------  T H R E A D  ---------------

Current thread (0x023ca400):  JavaThread "main" [_thread_in_vm, id=5020, stack(0x003b0000,0x00400000)]

siginfo: ExceptionCode=0xc0000005, reading address 0x00000000

Registers:
EAX=0x00000000, EBX=0x023ca400, ECX=0x023ca400, EDX=0x00000179
ESP=0x003ff568, EBP=0x003ff584, ESI=0x00000000, EDI=0x003ff5f6
EIP=0x6d9617c2, EFLAGS=0x00010246

Top of Stack: (sp=0x003ff568)
0x003ff568:   003ff5f6 023ca528 003ffc74 023ca400
0x003ff578:   023ca768 00000179 6db05940 00000000
0x003ff588:   10004ace 023ca400 00000000 00000000
0x003ff598:   00000010 003ff5fe 00000000 00000000
0x003ff5a8:   100030a9 00000001 023ca528 003ffc74
0x003ff5b8:   003ffc78 00000000 0000000e 003ff5f6
0x003ff5c8:   003ff5f6 10002e47 003ffc74 00000000
0x003ff5d8:   023ca400 341ddf30 003ffc64 341ddf30 

Instructions: (pc=0x6d9617c2)
0x6d9617a2:   c0 89 5d 08 89 5d f0 c7 45 f4 00 00 00 00 74 08
0x6d9617b2:   8d 4d f0 e8 46 10 09 00 8b 75 10 85 f6 8b 45 0c
0x6d9617c2:   8b 10 7c 50 8b 45 14 85 c0 7c 49 8b 7a 08 8d 0c
0x6d9617d2:   06 3b cf 77 3f 85 c0 7e 22 8b 4a 04 8b 49 0c 8b 


Register to memory mapping:

EAX=0x00000000 is an unknown value
EBX=0x023ca400 is a thread
ECX=0x023ca400 is a thread
EDX=0x00000179 is an unknown value
ESP=0x003ff568 is pointing into the stack for thread: 0x023ca400
EBP=0x003ff584 is pointing into the stack for thread: 0x023ca400
ESI=0x00000000 is an unknown value
EDI=0x003ff5f6 is pointing into the stack for thread: 0x023ca400


Stack: [0x003b0000,0x00400000],  sp=0x003ff568,  free space=317k
Native frames: (J=compiled Java code, j=interpreted, Vv=VM code, C=native code)
V  [jvm.dll+0xa17c2]

Java frames: (J=compiled Java code, j=interpreted, Vv=VM code)
j  jpcap.JpcapSender.nativeSendPacket(Ljpcap/packet/Packet;)V+0
j  jpcap.JpcapSender.sendPacket(Ljpcap/packet/Packet;)V+19
j  com.test.Attack.SYNFlood()V+113
j  com.test.Attack.main([Ljava/lang/String;)V+0
v  ~StubRoutines::call_stub

---------------  P R O C E S S  ---------------

Java Threads: ( => current thread )
  0x02341c00 JavaThread "Low Memory Detector" daemon [_thread_blocked, id=7468, stack(0x04900000,0x04950000)]
  0x0233d800 JavaThread "C1 CompilerThread0" daemon [_thread_blocked, id=3476, stack(0x04870000,0x048c0000)]
  0x0233c400 JavaThread "Attach Listener" daemon [_thread_blocked, id=8444, stack(0x047e0000,0x04830000)]
  0x02339400 JavaThread "Signal Dispatcher" daemon [_thread_blocked, id=9100, stack(0x04750000,0x047a0000)]
  0x0232c800 JavaThread "Finalizer" daemon [_thread_blocked, id=4248, stack(0x046c0000,0x04710000)]
  0x0232b400 JavaThread "Reference Handler" daemon [_thread_blocked, id=7892, stack(0x04630000,0x04680000)]
=>0x023ca400 JavaThread "main" [_thread_in_vm, id=5020, stack(0x003b0000,0x00400000)]

Other Threads:
  0x022ee800 VMThread [stack: 0x045a0000,0x045f0000] [id=8532]
  0x02359c00 WatcherThread [stack: 0x04990000,0x049e0000] [id=7208]

VM state:not at safepoint (normal execution)

VM Mutex/Monitor currently owned by a thread: None

Heap
 def new generation   total 4928K, used 492K [0x24170000, 0x246c0000, 0x296c0000)
  eden space 4416K,  11% used [0x24170000, 0x241eb230, 0x245c0000)
  from space 512K,   0% used [0x245c0000, 0x245c0000, 0x24640000)
  to   space 512K,   0% used [0x24640000, 0x24640000, 0x246c0000)
 tenured generation   total 10944K, used 0K [0x296c0000, 0x2a170000, 0x34170000)
   the space 10944K,   0% used [0x296c0000, 0x296c0000, 0x296c0200, 0x2a170000)
 compacting perm gen  total 12288K, used 443K [0x34170000, 0x34d70000, 0x38170000)
   the space 12288K,   3% used [0x34170000, 0x341def60, 0x341df000, 0x34d70000)
    ro space 10240K,  55% used [0x38170000, 0x386f1418, 0x386f1600, 0x38b70000)
    rw space 12288K,  55% used [0x38b70000, 0x392146a0, 0x39214800, 0x39770000)

Code Cache  [0x023d0000, 0x02448000, 0x043d0000)
 total_blobs=144 nmethods=13 adapters=68 free_code_cache=33084800 largest_free_block=0

Dynamic libraries:
0x00400000 - 0x00425000 	F:\Program Files (x86)\Java\jdk1.6.0_38\bin\javaw.exe
0x77c00000 - 0x77d80000 	C:\Windows\SysWOW64\ntdll.dll
0x768f0000 - 0x76a00000 	C:\Windows\syswow64\kernel32.dll
0x76f40000 - 0x76f87000 	C:\Windows\syswow64\KERNELBASE.dll
0x754e0000 - 0x75580000 	C:\Windows\syswow64\ADVAPI32.dll
0x75300000 - 0x753ac000 	C:\Windows\syswow64\msvcrt.dll
0x76ed0000 - 0x76ee9000 	C:\Windows\SysWOW64\sechost.dll
0x756a0000 - 0x75790000 	C:\Windows\syswow64\RPCRT4.dll
0x751a0000 - 0x75200000 	C:\Windows\syswow64\SspiCli.dll
0x75190000 - 0x7519c000 	C:\Windows\syswow64\CRYPTBASE.dll
0x76f90000 - 0x77090000 	C:\Windows\syswow64\USER32.dll
0x75580000 - 0x75610000 	C:\Windows\syswow64\GDI32.dll
0x76eb0000 - 0x76eba000 	C:\Windows\syswow64\LPK.dll
0x75ae0000 - 0x75b7d000 	C:\Windows\syswow64\USP10.dll
0x75290000 - 0x752f0000 	C:\Windows\system32\IMM32.DLL
0x775f0000 - 0x776bc000 	C:\Windows\syswow64\MSCTF.dll
0x74b40000 - 0x74b69000 	C:\Windows\SysWOW64\nvinit.dll
0x0f000000 - 0x0f006000 	C:\Program Files (x86)\NVIDIA Corporation\CoProcManager\detoured.dll
0x71ff0000 - 0x72017000 	C:\Program Files (x86)\NVIDIA Corporation\CoProcManager\nvd3d9wrap.dll
0x76b90000 - 0x76d2d000 	C:\Windows\syswow64\SETUPAPI.dll
0x76b60000 - 0x76b87000 	C:\Windows\syswow64\CFGMGR32.dll
0x75200000 - 0x7528f000 	C:\Windows\syswow64\OLEAUT32.dll
0x76a00000 - 0x76b5c000 	C:\Windows\syswow64\ole32.dll
0x76d30000 - 0x76d42000 	C:\Windows\syswow64\DEVOBJ.dll
0x71fd0000 - 0x71fee000 	C:\Program Files (x86)\NVIDIA Corporation\CoProcManager\nvdxgiwrap.dll
0x7c340000 - 0x7c396000 	F:\Program Files (x86)\Java\jdk1.6.0_38\jre\bin\msvcr71.dll
0x6d8c0000 - 0x6db70000 	F:\Program Files (x86)\Java\jdk1.6.0_38\jre\bin\client\jvm.dll
0x76de0000 - 0x76e12000 	C:\Windows\syswow64\WINMM.dll
0x74a80000 - 0x74acc000 	C:\Windows\system32\apphelp.dll
0x6d870000 - 0x6d87c000 	F:\Program Files (x86)\Java\jdk1.6.0_38\jre\bin\verify.dll
0x6d3d0000 - 0x6d3ef000 	F:\Program Files (x86)\Java\jdk1.6.0_38\jre\bin\java.dll
0x6d8b0000 - 0x6d8bf000 	F:\Program Files (x86)\Java\jdk1.6.0_38\jre\bin\zip.dll
0x10000000 - 0x10028000 	C:\Windows\System32\Jpcap.dll
0x758e0000 - 0x75915000 	C:\Windows\syswow64\WS2_32.dll
0x752f0000 - 0x752f6000 	C:\Windows\syswow64\NSI.dll
0x04be0000 - 0x04c2c000 	C:\Windows\system32\wpcap.dll
0x008b0000 - 0x008c8000 	C:\Windows\system32\packet.dll
0x74f00000 - 0x74f09000 	C:\Windows\system32\VERSION.dll
0x74e00000 - 0x74e1c000 	C:\Windows\system32\iphlpapi.dll
0x74df0000 - 0x74df7000 	C:\Windows\system32\WINNSI.DLL
0x74950000 - 0x7495d000 	C:\Windows\system32\dhcpcsvc6.DLL
0x74930000 - 0x74942000 	C:\Windows\system32\dhcpcsvc.DLL
0x6d6b0000 - 0x6d6c3000 	F:\Program Files (x86)\Java\jdk1.6.0_38\jre\bin\net.dll
0x74a00000 - 0x74a3c000 	C:\Windows\system32\mswsock.dll
0x72280000 - 0x72286000 	C:\Windows\System32\wship6.dll
0x775e0000 - 0x775e5000 	C:\Windows\system32\PSAPI.DLL

VM Arguments:
jvm_args: -Dfile.encoding=GBK 
java_command: com.test.Attack
Launcher Type: SUN_STANDARD

Environment Variables:
JAVA_HOME=G:\glassfish4\jdk7
JRE_HOME=G:\glassfish4\jdk7\jre
CLASSPATH=.; G:\glassfish4\jdk7\lib\dt.jar; G:\glassfish4\jdk7\lib\tools.jar;G:\glassfish4\jdk7\lib\javax.servlet.jar;G:\glassfish4\jdk7\lib\javamail-1.4.7\mail.jar;G:\glassfish4\jdk7\lib\jaf-1.1.1\activation.jar;F:\Tomcat\apache-tomcat-7.0.52\lib\servlet-api.jar;F:\Tomcat\apache-tomcat-7.0.52\lib\jsp-api.jar;g:\jmf\lib\sound.jar;g:\jmf\lib\jmf.jar;g:\jmf\lib
PATH=G:/glassfish4/jdk7/bin/../jre/bin/client;G:/glassfish4/jdk7/bin/../jre/bin;G:/glassfish4/jdk7/bin/../jre/lib/i386;C:\Program Files (x86)\NVIDIA Corporation\PhysX\Common;G:\glassfish4\jdk7\bin;C:\Program Files\Broadcom\Broadcom 802.11 Network Adapter;;C:\Program Files (x86)\Intel\iCLS Client\;C:\Program Files\Intel\iCLS Client\;;C:\Program Files\Common Files\Microsoft Shared\Windows Live;C:\Program Files (x86)\Common Files\Microsoft Shared\Windows Live;C:\Windows\system32;C:\Windows;C:\Windows\System32\Wbem;C:\Windows\System32\WindowsPowerShell\v1.0\;C:\Program Files (x86)\Windows Live\Shared;C:\Program Files (x86)\Intel\OpenCL SDK\2.0\bin\x86;C:\Program Files (x86)\Intel\OpenCL SDK\2.0\bin\x64;C:\Program Files\WIDCOMM\Bluetooth Software\;C:\Program Files\WIDCOMM\Bluetooth Software\syswow64;C:\Program Files (x86)\Microsoft SQL Server\100\Tools\Binn\;C:\Program Files\Microsoft SQL Server\100\Tools\Binn\;C:\Program Files\Microsoft SQL Server\100\DTS\Binn\;C:\Program Files\Intel\Intel(R) Management Engine Components\DAL;C:\Program Files\Intel\Intel(R) Management Engine Components\IPT;C:\Program Files (x86)\Intel\Intel(R) Management Engine Components\DAL;C:\Program Files (x86)\Intel\Intel(R) Management Engine Components\IPT;C:\Program Files (x86)\Common Files\Ulead Systems\MPEG;G:\MinGW\bin;F:\Tomcat\apache-tomcat-7.0.52\lib;F:\Tomcat\apache-tomcat-7.0.52\lib\servlet-api.jar;F:\Tomcat\apache-tomcat-7.0.52\lib\jsp-api.jar;F:\Tomcat\apache-tomcat-7.0.52\lib;F:\Tomcat\apache-tomcat-7.0.52\bin;F:\MySQL\MySQL Utilities 1.3.6\;F:\MySQL\MySQL Server 5.6\bin;F:\eclipse;
USERNAME=acer
OS=Windows_NT
PROCESSOR_IDENTIFIER=Intel64 Family 6 Model 58 Stepping 9, GenuineIntel



---------------  S Y S T E M  ---------------

OS: Windows 7 , 64 bit Build 7601 Service Pack 1

CPU:total 4 (2 cores per cpu, 2 threads per core) family 6 model 58 stepping 9, cmov, cx8, fxsr, mmx, sse, sse2, sse3, ssse3, sse4.1, sse4.2, popcnt, ht

Memory: 4k page, physical 4028780k(1043636k free), swap 8055696k(3722444k free)

vm_info: Java HotSpot(TM) Client VM (20.13-b02) for windows-x86 JRE (1.6.0_38-ea-b04), built on Oct 31 2012 01:45:33 by "java_re" with MS VC++ 7.1 (VS2003)

time: Sat Apr 12 00:43:36 2014
elapsed time: 2 seconds

